<?xml version="1.0" encoding="UTF-8"?>
<testng-results ignored="0" total="1" passed="1" failed="0" skipped="0">
  <reporter-output>
  </reporter-output>
  <suite started-at="2021-01-27T13:01:00 CST" name="Default suite" finished-at="2021-01-27T13:01:00 CST" duration-ms="119">
    <groups>
    </groups>
    <test started-at="2021-01-27T13:01:00 CST" name="Default test" finished-at="2021-01-27T13:01:00 CST" duration-ms="119">
      <class name="com.qa.tests.LoginTest">
        <test-method signature="test1()[pri:0, instance:com.qa.tests.LoginTest@4387b79e]" started-at="2021-01-27T13:01:00 CST" name="test1" finished-at="2021-01-27T13:01:00 CST" duration-ms="19" status="PASS">
          <reporter-output>
          </reporter-output>
        </test-method> <!-- test1 -->
      </class> <!-- com.qa.tests.LoginTest -->
    </test> <!-- Default test -->
  </suite> <!-- Default suite -->
</testng-results>
